0 info it worked if it ends with ok
1 verbose cli [ '/usr/local/bin/node',
1 verbose cli   '/usr/local/bin/npm',
1 verbose cli   'publish',
1 verbose cli   '--force' ]
2 info using npm@1.3.11
3 info using node@v0.10.21
4 warn using --force I sure hope you know what you are doing.
5 verbose publish [ '.' ]
6 verbose cache add [ '.', null ]
7 verbose cache add name=undefined spec="." args=[".",null]
8 verbose parsed url { protocol: null,
8 verbose parsed url   slashes: null,
8 verbose parsed url   auth: null,
8 verbose parsed url   host: null,
8 verbose parsed url   port: null,
8 verbose parsed url   hostname: null,
8 verbose parsed url   hash: null,
8 verbose parsed url   search: null,
8 verbose parsed url   query: null,
8 verbose parsed url   pathname: '.',
8 verbose parsed url   path: '.',
8 verbose parsed url   href: '.' }
9 silly lockFile 3a52ce78- .
10 verbose lock . /Users/seanmcgary/.npm/3a52ce78-.lock
11 verbose tar pack [ '/var/folders/y3/n_sj0zcs4dq9s6j2_42rlgb40000gn/T/npm-42208-DBXwrtTy/1401303980824-0.8227700483985245/tmp.tgz',
11 verbose tar pack   '.' ]
12 verbose tarball /var/folders/y3/n_sj0zcs4dq9s6j2_42rlgb40000gn/T/npm-42208-DBXwrtTy/1401303980824-0.8227700483985245/tmp.tgz
13 verbose folder .
14 silly lockFile 1f1177db-tar tar://.
15 verbose lock tar://. /Users/seanmcgary/.npm/1f1177db-tar.lock
16 silly lockFile bdeb234b-80824-0-8227700483985245-tmp-tgz tar:///var/folders/y3/n_sj0zcs4dq9s6j2_42rlgb40000gn/T/npm-42208-DBXwrtTy/1401303980824-0.8227700483985245/tmp.tgz
17 verbose lock tar:///var/folders/y3/n_sj0zcs4dq9s6j2_42rlgb40000gn/T/npm-42208-DBXwrtTy/1401303980824-0.8227700483985245/tmp.tgz /Users/seanmcgary/.npm/bdeb234b-80824-0-8227700483985245-tmp-tgz.lock
18 silly lockFile 1f1177db-tar tar://.
19 silly lockFile 1f1177db-tar tar://.
20 silly lockFile bdeb234b-80824-0-8227700483985245-tmp-tgz tar:///var/folders/y3/n_sj0zcs4dq9s6j2_42rlgb40000gn/T/npm-42208-DBXwrtTy/1401303980824-0.8227700483985245/tmp.tgz
21 silly lockFile bdeb234b-80824-0-8227700483985245-tmp-tgz tar:///var/folders/y3/n_sj0zcs4dq9s6j2_42rlgb40000gn/T/npm-42208-DBXwrtTy/1401303980824-0.8227700483985245/tmp.tgz
22 verbose tar unpack /var/folders/y3/n_sj0zcs4dq9s6j2_42rlgb40000gn/T/npm-42208-DBXwrtTy/1401303980824-0.8227700483985245/tmp.tgz
23 silly lockFile 8dfa704c-80824-0-8227700483985245-package tar:///var/folders/y3/n_sj0zcs4dq9s6j2_42rlgb40000gn/T/npm-42208-DBXwrtTy/1401303980824-0.8227700483985245/package
24 verbose lock tar:///var/folders/y3/n_sj0zcs4dq9s6j2_42rlgb40000gn/T/npm-42208-DBXwrtTy/1401303980824-0.8227700483985245/package /Users/seanmcgary/.npm/8dfa704c-80824-0-8227700483985245-package.lock
25 silly lockFile bdeb234b-80824-0-8227700483985245-tmp-tgz tar:///var/folders/y3/n_sj0zcs4dq9s6j2_42rlgb40000gn/T/npm-42208-DBXwrtTy/1401303980824-0.8227700483985245/tmp.tgz
26 verbose lock tar:///var/folders/y3/n_sj0zcs4dq9s6j2_42rlgb40000gn/T/npm-42208-DBXwrtTy/1401303980824-0.8227700483985245/tmp.tgz /Users/seanmcgary/.npm/bdeb234b-80824-0-8227700483985245-tmp-tgz.lock
27 silly gunzTarPerm modes [ '755', '644' ]
28 silly gunzTarPerm extractEntry package.json
29 silly gunzTarPerm extractEntry .npmignore
30 silly gunzTarPerm extractEntry index.js
31 silly gunzTarPerm extractEntry README.mkdn
32 silly gunzTarPerm extractEntry lib/fancyLog.js
33 silly gunzTarPerm extractEntry test/test.js
34 silly lockFile 8dfa704c-80824-0-8227700483985245-package tar:///var/folders/y3/n_sj0zcs4dq9s6j2_42rlgb40000gn/T/npm-42208-DBXwrtTy/1401303980824-0.8227700483985245/package
35 silly lockFile 8dfa704c-80824-0-8227700483985245-package tar:///var/folders/y3/n_sj0zcs4dq9s6j2_42rlgb40000gn/T/npm-42208-DBXwrtTy/1401303980824-0.8227700483985245/package
36 silly lockFile bdeb234b-80824-0-8227700483985245-tmp-tgz tar:///var/folders/y3/n_sj0zcs4dq9s6j2_42rlgb40000gn/T/npm-42208-DBXwrtTy/1401303980824-0.8227700483985245/tmp.tgz
37 silly lockFile bdeb234b-80824-0-8227700483985245-tmp-tgz tar:///var/folders/y3/n_sj0zcs4dq9s6j2_42rlgb40000gn/T/npm-42208-DBXwrtTy/1401303980824-0.8227700483985245/tmp.tgz
38 verbose tar pack [ '/Users/seanmcgary/.npm/logwrangler/0.0.1/package.tgz',
38 verbose tar pack   '/var/folders/y3/n_sj0zcs4dq9s6j2_42rlgb40000gn/T/npm-42208-DBXwrtTy/1401303980824-0.8227700483985245/package' ]
39 verbose tarball /Users/seanmcgary/.npm/logwrangler/0.0.1/package.tgz
40 verbose folder /var/folders/y3/n_sj0zcs4dq9s6j2_42rlgb40000gn/T/npm-42208-DBXwrtTy/1401303980824-0.8227700483985245/package
41 silly lockFile 8dfa704c-80824-0-8227700483985245-package tar:///var/folders/y3/n_sj0zcs4dq9s6j2_42rlgb40000gn/T/npm-42208-DBXwrtTy/1401303980824-0.8227700483985245/package
42 verbose lock tar:///var/folders/y3/n_sj0zcs4dq9s6j2_42rlgb40000gn/T/npm-42208-DBXwrtTy/1401303980824-0.8227700483985245/package /Users/seanmcgary/.npm/8dfa704c-80824-0-8227700483985245-package.lock
43 silly lockFile 62039d66-pm-logwrangler-0-0-1-package-tgz tar:///Users/seanmcgary/.npm/logwrangler/0.0.1/package.tgz
44 verbose lock tar:///Users/seanmcgary/.npm/logwrangler/0.0.1/package.tgz /Users/seanmcgary/.npm/62039d66-pm-logwrangler-0-0-1-package-tgz.lock
45 silly lockFile 8dfa704c-80824-0-8227700483985245-package tar:///var/folders/y3/n_sj0zcs4dq9s6j2_42rlgb40000gn/T/npm-42208-DBXwrtTy/1401303980824-0.8227700483985245/package
46 silly lockFile 8dfa704c-80824-0-8227700483985245-package tar:///var/folders/y3/n_sj0zcs4dq9s6j2_42rlgb40000gn/T/npm-42208-DBXwrtTy/1401303980824-0.8227700483985245/package
47 silly lockFile 62039d66-pm-logwrangler-0-0-1-package-tgz tar:///Users/seanmcgary/.npm/logwrangler/0.0.1/package.tgz
48 silly lockFile 62039d66-pm-logwrangler-0-0-1-package-tgz tar:///Users/seanmcgary/.npm/logwrangler/0.0.1/package.tgz
49 silly lockFile 49d8fdfe-ry-npm-logwrangler-0-0-1-package /Users/seanmcgary/.npm/logwrangler/0.0.1/package
50 verbose lock /Users/seanmcgary/.npm/logwrangler/0.0.1/package /Users/seanmcgary/.npm/49d8fdfe-ry-npm-logwrangler-0-0-1-package.lock
51 silly lockFile 49d8fdfe-ry-npm-logwrangler-0-0-1-package /Users/seanmcgary/.npm/logwrangler/0.0.1/package
52 silly lockFile 49d8fdfe-ry-npm-logwrangler-0-0-1-package /Users/seanmcgary/.npm/logwrangler/0.0.1/package
53 verbose tar unpack /Users/seanmcgary/.npm/logwrangler/0.0.1/package.tgz
54 silly lockFile 51d34e4d-ry-npm-logwrangler-0-0-1-package tar:///Users/seanmcgary/.npm/logwrangler/0.0.1/package
55 verbose lock tar:///Users/seanmcgary/.npm/logwrangler/0.0.1/package /Users/seanmcgary/.npm/51d34e4d-ry-npm-logwrangler-0-0-1-package.lock
56 silly lockFile 62039d66-pm-logwrangler-0-0-1-package-tgz tar:///Users/seanmcgary/.npm/logwrangler/0.0.1/package.tgz
57 verbose lock tar:///Users/seanmcgary/.npm/logwrangler/0.0.1/package.tgz /Users/seanmcgary/.npm/62039d66-pm-logwrangler-0-0-1-package-tgz.lock
58 silly gunzTarPerm modes [ '755', '644' ]
59 silly gunzTarPerm extractEntry package.json
60 silly gunzTarPerm extractEntry .npmignore
61 silly gunzTarPerm extractEntry index.js
62 silly gunzTarPerm extractEntry README.mkdn
63 silly gunzTarPerm extractEntry lib/fancyLog.js
64 silly gunzTarPerm extractEntry test/test.js
65 silly lockFile 51d34e4d-ry-npm-logwrangler-0-0-1-package tar:///Users/seanmcgary/.npm/logwrangler/0.0.1/package
66 silly lockFile 51d34e4d-ry-npm-logwrangler-0-0-1-package tar:///Users/seanmcgary/.npm/logwrangler/0.0.1/package
67 silly lockFile 62039d66-pm-logwrangler-0-0-1-package-tgz tar:///Users/seanmcgary/.npm/logwrangler/0.0.1/package.tgz
68 silly lockFile 62039d66-pm-logwrangler-0-0-1-package-tgz tar:///Users/seanmcgary/.npm/logwrangler/0.0.1/package.tgz
69 verbose chmod /Users/seanmcgary/.npm/logwrangler/0.0.1/package.tgz 644
70 verbose chown /Users/seanmcgary/.npm/logwrangler/0.0.1/package.tgz [ 501, 20 ]
71 silly lockFile 3a52ce78- .
72 silly lockFile 3a52ce78- .
73 silly publish { name: 'logwrangler',
73 silly publish   version: '0.0.1',
73 silly publish   description: 'Wrangle up your logging',
73 silly publish   main: 'index.js',
73 silly publish   repository:
73 silly publish    { type: 'git',
73 silly publish      url: 'https://github.com/seanmcgary/logwrangler.git' },
73 silly publish   keywords: [ 'fancy', 'log', 'logging' ],
73 silly publish   author: { name: 'Sean McGary', email: 'sean@seanmcgary.com' },
73 silly publish   license: 'MIT',
73 silly publish   bugs: { url: 'https://github.com/seanmcgary/fancyLog/issues' },
73 silly publish   dependencies: { colors: '~0.6.2', lodash: '~2.4.1' },
73 silly publish   readme: 'logwrangler is a module logging system that you can easily extend to add various logging locations and functions.\n\n### Install\n\n```\nnpm install --save logwrangler\n```\n\n### Use\n\nLogging to stdout\n\n```\nvar logwrangler = require(\'../index\');\nvar logger = logwrangler.create();\n\nlogger.log({\n\tlevel: logger.levels.INFO,\n\tns: \'web server\',\n\tmessage: \'some log message\',\n\tdata: {}\n});\n```\n\n### Custom logging handler\n\n```\nvar logger = fancyLog.create({\n\tlevel: fancyLog.levels.DEBUG, // default level to log\n\toutputs: {\n\t\tcustom: {\n\t\t\tenabled: true,\n\t\t\thandler: function(options, data){\n\t\t\t\t/*\n\t\t\t\t\toptions = {\n\t\t\t\t\t\tlevel: <default log level, string>\n\t\t\t\t\t};\n\n\t\t\t\t\tdata = {\n\t\t\t\t\t\tlevel: <log level>,\n\t\t\t\t\t\tns: <namespace, string>,\n\t\t\t\t\t\tident: <custom identifier, string>,\n\t\t\t\t\t\tmessage: <message, string>,\n\t\t\t\t\t\tdata: <custom data, object>\n\t\t\t\t\t};\n\t\t\t\t*/\n\t\t\t\t\n\t\t\t\t// do something with your data\n\t\t\t}\n\t\t}\n\t}\n});\n\n```\n',
73 silly publish   readmeFilename: 'README.mkdn',
73 silly publish   _id: 'logwrangler@0.0.1',
73 silly publish   dist: { shasum: 'bcb46884ea8c4480b7c7fc0dc2f8489022fb751c' },
73 silly publish   _from: '.' }
74 verbose url raw logwrangler
75 verbose url resolving [ 'https://registry.npmjs.org/', './logwrangler' ]
76 verbose url resolved https://registry.npmjs.org/logwrangler
77 info trying registry request attempt 1 at 12:06:20
78 http PUT https://registry.npmjs.org/logwrangler
79 http 201 https://registry.npmjs.org/logwrangler
80 verbose url raw logwrangler
81 verbose url resolving [ 'https://registry.npmjs.org/', './logwrangler' ]
82 verbose url resolved https://registry.npmjs.org/logwrangler
83 info trying registry request attempt 1 at 12:06:21
84 http GET https://registry.npmjs.org/logwrangler
85 http 200 https://registry.npmjs.org/logwrangler
86 warn publish Forced publish over logwrangler@0.0.1
87 verbose url raw logwrangler
88 verbose url resolving [ 'https://registry.npmjs.org/', './logwrangler' ]
89 verbose url resolved https://registry.npmjs.org/logwrangler
90 info trying registry request attempt 1 at 12:06:21
91 http GET https://registry.npmjs.org/logwrangler
92 http 200 https://registry.npmjs.org/logwrangler
93 silly registry.get cb [ 200,
93 silly registry.get   { date: 'Wed, 28 May 2014 19:06:21 GMT',
93 silly registry.get     server: 'CouchDB/1.5.0 (Erlang OTP/R14B04)',
93 silly registry.get     etag: '"6AXAJ31XPNE375VL5OVPIUVJ5"',
93 silly registry.get     'content-type': 'application/json',
93 silly registry.get     'accept-ranges': 'bytes',
93 silly registry.get     via: '1.1 varnish',
93 silly registry.get     'cache-control': 'max-age=1',
93 silly registry.get     'content-length': '3084',
93 silly registry.get     'x-served-by': 'cache-v43-ASH, cache-sv61-SJC3',
93 silly registry.get     'x-cache': 'MISS, MISS',
93 silly registry.get     'x-cache-hits': '0, 0',
93 silly registry.get     'x-timer': 'S1401303981.264861,VS0,VE180',
93 silly registry.get     vary: 'Accept',
93 silly registry.get     'keep-alive': 'timeout=10, max=50',
93 silly registry.get     connection: 'Keep-Alive' } ]
94 verbose unpublish removing attachments { shasum: '3f6780534b909af184e202c0f3eb4118a0bc6f32',
94 verbose unpublish   tarball: 'http://registry.npmjs.org/logwrangler/-/logwrangler-0.0.1.tgz' }
95 info unpublish No versions remain, removing entire package
96 verbose url raw logwrangler/-rev/6-7a97ee2dd529c665249f7f46fdcc0ddb
97 verbose url resolving [ 'https://registry.npmjs.org/',
97 verbose url resolving   './logwrangler/-rev/6-7a97ee2dd529c665249f7f46fdcc0ddb' ]
98 verbose url resolved https://registry.npmjs.org/logwrangler/-rev/6-7a97ee2dd529c665249f7f46fdcc0ddb
99 info trying registry request attempt 1 at 12:06:21
100 http DELETE https://registry.npmjs.org/logwrangler/-rev/6-7a97ee2dd529c665249f7f46fdcc0ddb
101 http 201 https://registry.npmjs.org/logwrangler/-rev/6-7a97ee2dd529c665249f7f46fdcc0ddb
102 verbose publish [ '.' ]
103 verbose cache add [ '.', null ]
104 verbose cache add name=undefined spec="." args=[".",null]
105 verbose parsed url { protocol: null,
105 verbose parsed url   slashes: null,
105 verbose parsed url   auth: null,
105 verbose parsed url   host: null,
105 verbose parsed url   port: null,
105 verbose parsed url   hostname: null,
105 verbose parsed url   hash: null,
105 verbose parsed url   search: null,
105 verbose parsed url   query: null,
105 verbose parsed url   pathname: '.',
105 verbose parsed url   path: '.',
105 verbose parsed url   href: '.' }
106 silly lockFile 3a52ce78- .
107 verbose lock . /Users/seanmcgary/.npm/3a52ce78-.lock
108 verbose tar pack [ '/var/folders/y3/n_sj0zcs4dq9s6j2_42rlgb40000gn/T/npm-42208-DBXwrtTy/1401303981839-0.06977746682241559/tmp.tgz',
108 verbose tar pack   '.' ]
109 verbose tarball /var/folders/y3/n_sj0zcs4dq9s6j2_42rlgb40000gn/T/npm-42208-DBXwrtTy/1401303981839-0.06977746682241559/tmp.tgz
110 verbose folder .
111 silly lockFile 1f1177db-tar tar://.
112 verbose lock tar://. /Users/seanmcgary/.npm/1f1177db-tar.lock
113 silly lockFile 98c4a2d0-1839-0-06977746682241559-tmp-tgz tar:///var/folders/y3/n_sj0zcs4dq9s6j2_42rlgb40000gn/T/npm-42208-DBXwrtTy/1401303981839-0.06977746682241559/tmp.tgz
114 verbose lock tar:///var/folders/y3/n_sj0zcs4dq9s6j2_42rlgb40000gn/T/npm-42208-DBXwrtTy/1401303981839-0.06977746682241559/tmp.tgz /Users/seanmcgary/.npm/98c4a2d0-1839-0-06977746682241559-tmp-tgz.lock
115 silly lockFile 1f1177db-tar tar://.
116 silly lockFile 1f1177db-tar tar://.
117 silly lockFile 98c4a2d0-1839-0-06977746682241559-tmp-tgz tar:///var/folders/y3/n_sj0zcs4dq9s6j2_42rlgb40000gn/T/npm-42208-DBXwrtTy/1401303981839-0.06977746682241559/tmp.tgz
118 silly lockFile 98c4a2d0-1839-0-06977746682241559-tmp-tgz tar:///var/folders/y3/n_sj0zcs4dq9s6j2_42rlgb40000gn/T/npm-42208-DBXwrtTy/1401303981839-0.06977746682241559/tmp.tgz
119 verbose tar unpack /var/folders/y3/n_sj0zcs4dq9s6j2_42rlgb40000gn/T/npm-42208-DBXwrtTy/1401303981839-0.06977746682241559/tmp.tgz
120 silly lockFile 229a6eba-1839-0-06977746682241559-package tar:///var/folders/y3/n_sj0zcs4dq9s6j2_42rlgb40000gn/T/npm-42208-DBXwrtTy/1401303981839-0.06977746682241559/package
121 verbose lock tar:///var/folders/y3/n_sj0zcs4dq9s6j2_42rlgb40000gn/T/npm-42208-DBXwrtTy/1401303981839-0.06977746682241559/package /Users/seanmcgary/.npm/229a6eba-1839-0-06977746682241559-package.lock
122 silly lockFile 98c4a2d0-1839-0-06977746682241559-tmp-tgz tar:///var/folders/y3/n_sj0zcs4dq9s6j2_42rlgb40000gn/T/npm-42208-DBXwrtTy/1401303981839-0.06977746682241559/tmp.tgz
123 verbose lock tar:///var/folders/y3/n_sj0zcs4dq9s6j2_42rlgb40000gn/T/npm-42208-DBXwrtTy/1401303981839-0.06977746682241559/tmp.tgz /Users/seanmcgary/.npm/98c4a2d0-1839-0-06977746682241559-tmp-tgz.lock
124 silly gunzTarPerm modes [ '755', '644' ]
125 silly gunzTarPerm extractEntry package.json
126 silly gunzTarPerm extractEntry .npmignore
127 silly gunzTarPerm extractEntry index.js
128 silly gunzTarPerm extractEntry README.mkdn
129 silly gunzTarPerm extractEntry lib/fancyLog.js
130 silly gunzTarPerm extractEntry test/test.js
131 silly lockFile 229a6eba-1839-0-06977746682241559-package tar:///var/folders/y3/n_sj0zcs4dq9s6j2_42rlgb40000gn/T/npm-42208-DBXwrtTy/1401303981839-0.06977746682241559/package
132 silly lockFile 229a6eba-1839-0-06977746682241559-package tar:///var/folders/y3/n_sj0zcs4dq9s6j2_42rlgb40000gn/T/npm-42208-DBXwrtTy/1401303981839-0.06977746682241559/package
133 silly lockFile 98c4a2d0-1839-0-06977746682241559-tmp-tgz tar:///var/folders/y3/n_sj0zcs4dq9s6j2_42rlgb40000gn/T/npm-42208-DBXwrtTy/1401303981839-0.06977746682241559/tmp.tgz
134 silly lockFile 98c4a2d0-1839-0-06977746682241559-tmp-tgz tar:///var/folders/y3/n_sj0zcs4dq9s6j2_42rlgb40000gn/T/npm-42208-DBXwrtTy/1401303981839-0.06977746682241559/tmp.tgz
135 verbose tar pack [ '/Users/seanmcgary/.npm/logwrangler/0.0.1/package.tgz',
135 verbose tar pack   '/var/folders/y3/n_sj0zcs4dq9s6j2_42rlgb40000gn/T/npm-42208-DBXwrtTy/1401303981839-0.06977746682241559/package' ]
136 verbose tarball /Users/seanmcgary/.npm/logwrangler/0.0.1/package.tgz
137 verbose folder /var/folders/y3/n_sj0zcs4dq9s6j2_42rlgb40000gn/T/npm-42208-DBXwrtTy/1401303981839-0.06977746682241559/package
138 silly lockFile 229a6eba-1839-0-06977746682241559-package tar:///var/folders/y3/n_sj0zcs4dq9s6j2_42rlgb40000gn/T/npm-42208-DBXwrtTy/1401303981839-0.06977746682241559/package
139 verbose lock tar:///var/folders/y3/n_sj0zcs4dq9s6j2_42rlgb40000gn/T/npm-42208-DBXwrtTy/1401303981839-0.06977746682241559/package /Users/seanmcgary/.npm/229a6eba-1839-0-06977746682241559-package.lock
140 silly lockFile 62039d66-pm-logwrangler-0-0-1-package-tgz tar:///Users/seanmcgary/.npm/logwrangler/0.0.1/package.tgz
141 verbose lock tar:///Users/seanmcgary/.npm/logwrangler/0.0.1/package.tgz /Users/seanmcgary/.npm/62039d66-pm-logwrangler-0-0-1-package-tgz.lock
142 silly lockFile 229a6eba-1839-0-06977746682241559-package tar:///var/folders/y3/n_sj0zcs4dq9s6j2_42rlgb40000gn/T/npm-42208-DBXwrtTy/1401303981839-0.06977746682241559/package
143 silly lockFile 229a6eba-1839-0-06977746682241559-package tar:///var/folders/y3/n_sj0zcs4dq9s6j2_42rlgb40000gn/T/npm-42208-DBXwrtTy/1401303981839-0.06977746682241559/package
144 silly lockFile 62039d66-pm-logwrangler-0-0-1-package-tgz tar:///Users/seanmcgary/.npm/logwrangler/0.0.1/package.tgz
145 silly lockFile 62039d66-pm-logwrangler-0-0-1-package-tgz tar:///Users/seanmcgary/.npm/logwrangler/0.0.1/package.tgz
146 silly lockFile 49d8fdfe-ry-npm-logwrangler-0-0-1-package /Users/seanmcgary/.npm/logwrangler/0.0.1/package
147 verbose lock /Users/seanmcgary/.npm/logwrangler/0.0.1/package /Users/seanmcgary/.npm/49d8fdfe-ry-npm-logwrangler-0-0-1-package.lock
148 silly lockFile 49d8fdfe-ry-npm-logwrangler-0-0-1-package /Users/seanmcgary/.npm/logwrangler/0.0.1/package
149 silly lockFile 49d8fdfe-ry-npm-logwrangler-0-0-1-package /Users/seanmcgary/.npm/logwrangler/0.0.1/package
150 verbose tar unpack /Users/seanmcgary/.npm/logwrangler/0.0.1/package.tgz
151 silly lockFile 51d34e4d-ry-npm-logwrangler-0-0-1-package tar:///Users/seanmcgary/.npm/logwrangler/0.0.1/package
152 verbose lock tar:///Users/seanmcgary/.npm/logwrangler/0.0.1/package /Users/seanmcgary/.npm/51d34e4d-ry-npm-logwrangler-0-0-1-package.lock
153 silly lockFile 62039d66-pm-logwrangler-0-0-1-package-tgz tar:///Users/seanmcgary/.npm/logwrangler/0.0.1/package.tgz
154 verbose lock tar:///Users/seanmcgary/.npm/logwrangler/0.0.1/package.tgz /Users/seanmcgary/.npm/62039d66-pm-logwrangler-0-0-1-package-tgz.lock
155 silly gunzTarPerm modes [ '755', '644' ]
156 silly gunzTarPerm extractEntry package.json
157 silly gunzTarPerm extractEntry .npmignore
158 silly gunzTarPerm extractEntry index.js
159 silly gunzTarPerm extractEntry README.mkdn
160 silly gunzTarPerm extractEntry lib/fancyLog.js
161 silly gunzTarPerm extractEntry test/test.js
162 silly lockFile 51d34e4d-ry-npm-logwrangler-0-0-1-package tar:///Users/seanmcgary/.npm/logwrangler/0.0.1/package
163 silly lockFile 51d34e4d-ry-npm-logwrangler-0-0-1-package tar:///Users/seanmcgary/.npm/logwrangler/0.0.1/package
164 silly lockFile 62039d66-pm-logwrangler-0-0-1-package-tgz tar:///Users/seanmcgary/.npm/logwrangler/0.0.1/package.tgz
165 silly lockFile 62039d66-pm-logwrangler-0-0-1-package-tgz tar:///Users/seanmcgary/.npm/logwrangler/0.0.1/package.tgz
166 verbose chmod /Users/seanmcgary/.npm/logwrangler/0.0.1/package.tgz 644
167 verbose chown /Users/seanmcgary/.npm/logwrangler/0.0.1/package.tgz [ 501, 20 ]
168 silly lockFile 3a52ce78- .
169 silly lockFile 3a52ce78- .
170 silly publish { name: 'logwrangler',
170 silly publish   version: '0.0.1',
170 silly publish   description: 'Wrangle up your logging',
170 silly publish   main: 'index.js',
170 silly publish   repository:
170 silly publish    { type: 'git',
170 silly publish      url: 'https://github.com/seanmcgary/logwrangler.git' },
170 silly publish   keywords: [ 'fancy', 'log', 'logging' ],
170 silly publish   author: { name: 'Sean McGary', email: 'sean@seanmcgary.com' },
170 silly publish   license: 'MIT',
170 silly publish   bugs: { url: 'https://github.com/seanmcgary/fancyLog/issues' },
170 silly publish   dependencies: { colors: '~0.6.2', lodash: '~2.4.1' },
170 silly publish   readme: 'logwrangler is a module logging system that you can easily extend to add various logging locations and functions.\n\n### Install\n\n```\nnpm install --save logwrangler\n```\n\n### Use\n\nLogging to stdout\n\n```\nvar logwrangler = require(\'../index\');\nvar logger = logwrangler.create();\n\nlogger.log({\n\tlevel: logger.levels.INFO,\n\tns: \'web server\',\n\tmessage: \'some log message\',\n\tdata: {}\n});\n```\n\n### Custom logging handler\n\n```\nvar logger = fancyLog.create({\n\tlevel: fancyLog.levels.DEBUG, // default level to log\n\toutputs: {\n\t\tcustom: {\n\t\t\tenabled: true,\n\t\t\thandler: function(options, data){\n\t\t\t\t/*\n\t\t\t\t\toptions = {\n\t\t\t\t\t\tlevel: <default log level, string>\n\t\t\t\t\t};\n\n\t\t\t\t\tdata = {\n\t\t\t\t\t\tlevel: <log level>,\n\t\t\t\t\t\tns: <namespace, string>,\n\t\t\t\t\t\tident: <custom identifier, string>,\n\t\t\t\t\t\tmessage: <message, string>,\n\t\t\t\t\t\tdata: <custom data, object>\n\t\t\t\t\t};\n\t\t\t\t*/\n\t\t\t\t\n\t\t\t\t// do something with your data\n\t\t\t}\n\t\t}\n\t}\n});\n\n```\n',
170 silly publish   readmeFilename: 'README.mkdn',
170 silly publish   _id: 'logwrangler@0.0.1',
170 silly publish   dist:
170 silly publish    { shasum: 'bcb46884ea8c4480b7c7fc0dc2f8489022fb751c',
170 silly publish      tarball: 'http://registry.npmjs.org/logwrangler/-/logwrangler-0.0.1.tgz' },
170 silly publish   _from: '.',
170 silly publish   _npmVersion: '1.3.11',
170 silly publish   _npmUser: { name: 'seanmcgary', email: 'sean@seanmcgary.com' } }
171 verbose url raw logwrangler
172 verbose url resolving [ 'https://registry.npmjs.org/', './logwrangler' ]
173 verbose url resolved https://registry.npmjs.org/logwrangler
174 info trying registry request attempt 1 at 12:06:21
175 http PUT https://registry.npmjs.org/logwrangler
176 http 201 https://registry.npmjs.org/logwrangler
177 verbose url raw logwrangler
178 verbose url resolving [ 'https://registry.npmjs.org/', './logwrangler' ]
179 verbose url resolved https://registry.npmjs.org/logwrangler
180 info trying registry request attempt 1 at 12:06:23
181 http GET https://registry.npmjs.org/logwrangler
182 http 200 https://registry.npmjs.org/logwrangler
183 verbose uploading [ 'logwrangler/-/logwrangler-0.0.1.tgz/-rev/8-05da18b6cd4fc379123dede8a18410dd',
183 verbose uploading   '/Users/seanmcgary/.npm/logwrangler/0.0.1/package.tgz' ]
184 verbose url raw logwrangler/-/logwrangler-0.0.1.tgz/-rev/8-05da18b6cd4fc379123dede8a18410dd
185 verbose url resolving [ 'https://registry.npmjs.org/',
185 verbose url resolving   './logwrangler/-/logwrangler-0.0.1.tgz/-rev/8-05da18b6cd4fc379123dede8a18410dd' ]
186 verbose url resolved https://registry.npmjs.org/logwrangler/-/logwrangler-0.0.1.tgz/-rev/8-05da18b6cd4fc379123dede8a18410dd
187 info trying registry request attempt 1 at 12:06:23
188 http PUT https://registry.npmjs.org/logwrangler/-/logwrangler-0.0.1.tgz/-rev/8-05da18b6cd4fc379123dede8a18410dd
189 http 201 https://registry.npmjs.org/logwrangler/-/logwrangler-0.0.1.tgz/-rev/8-05da18b6cd4fc379123dede8a18410dd
190 verbose publish attached [ 'logwrangler',
190 verbose publish   '/Users/seanmcgary/.npm/logwrangler/0.0.1/package.tgz',
190 verbose publish   'logwrangler-0.0.1.tgz' ]
191 verbose url raw logwrangler/0.0.1/-tag/latest
192 verbose url resolving [ 'https://registry.npmjs.org/',
192 verbose url resolving   './logwrangler/0.0.1/-tag/latest' ]
193 verbose url resolved https://registry.npmjs.org/logwrangler/0.0.1/-tag/latest
194 info trying registry request attempt 1 at 12:06:23
195 http PUT https://registry.npmjs.org/logwrangler/0.0.1/-tag/latest
196 http 403 https://registry.npmjs.org/logwrangler/0.0.1/-tag/latest
197 info trying registry request attempt 1 at 12:06:24
198 http PUT https://registry.npmjs.org/logwrangler/0.0.1/-tag/latest
199 http 403 https://registry.npmjs.org/logwrangler/0.0.1/-tag/latest
200 error publish Error uploading package
201 error Error: forbidden Cannot replace previously published version: 0.0.1: logwrangler/0.0.1/-tag/latest
201 error     at RegClient.<anonymous> (/usr/local/lib/node_modules/npm/node_modules/npm-registry-client/lib/request.js:272:14)
201 error     at Request.self.callback (/usr/local/lib/node_modules/npm/node_modules/request/request.js:129:22)
201 error     at Request.EventEmitter.emit (events.js:98:17)
201 error     at Request.<anonymous> (/usr/local/lib/node_modules/npm/node_modules/request/request.js:873:14)
201 error     at Request.EventEmitter.emit (events.js:117:20)
201 error     at IncomingMessage.<anonymous> (/usr/local/lib/node_modules/npm/node_modules/request/request.js:824:12)
201 error     at IncomingMessage.EventEmitter.emit (events.js:117:20)
201 error     at _stream_readable.js:920:16
201 error     at process._tickCallback (node.js:415:13)
202 error If you need help, you may report this log at:
202 error     <http://github.com/isaacs/npm/issues>
202 error or email it to:
202 error     <npm-@googlegroups.com>
203 error System Darwin 13.1.0
204 error command "/usr/local/bin/node" "/usr/local/bin/npm" "publish" "--force"
205 error cwd /Users/seanmcgary/Code/projects/fancyLog
206 error node -v v0.10.21
207 error npm -v 1.3.11
208 verbose exit [ 1, true ]
